<?xml version="1.0" encoding="UTF-8"?>
<!-- Generated by org.testng.reporters.JUnitXMLReporter -->
<testsuite hostname="Hitendra-PC" ignored="0" name="WordPressApplicationTest" tests="10" failures="0" timestamp="21 Dec 2019 04:19:48 GMT" time="11.032" errors="0">
  <testcase name="@BeforeMethod setup" time="2.824" classname="com.wordpress.qa.testcases.LoginPageTest">
    <failure type="org.openqa.selenium.SessionNotCreatedException" message="session not created: This version of ChromeDriver only supports Chrome version 77
Build info: version: &amp;apos;3.141.59&amp;apos;, revision: &amp;apos;e82be7d358&amp;apos;, time: &amp;apos;2018-11-14T08:25:48&amp;apos;
System info: host: &amp;apos;HITENDRA-PC&amp;apos;, ip: &amp;apos;192.168.0.15&amp;apos;, os.name: &amp;apos;Windows 7&amp;apos;, os.arch: &amp;apos;amd64&amp;apos;, os.version: &amp;apos;6.1&amp;apos;, java.version: &amp;apos;1.8.0_162&amp;apos;
Driver info: driver.version: ChromeDriver
remote stacktrace: Backtrace:
	Ordinal0 [0x00AFEB13+1501971]
	Ordinal0 [0x00A7F6D1+980689]
	Ordinal0 [0x00A0765F+489055]
	Ordinal0 [0x0099F2F4+62196]
	Ordinal0 [0x0099BCDA+48346]
	Ordinal0 [0x009B9800+169984]
	Ordinal0 [0x009B942D+169005]
	Ordinal0 [0x009B78EB+162027]
	Ordinal0 [0x009A0AC7+68295]
	Ordinal0 [0x009A1B40+72512]
	Ordinal0 [0x009A1AD9+72409]
	Ordinal0 [0x00A98F37+1085239]
	GetHandleVerifier [0x00B9D7ED+503293]
	GetHandleVerifier [0x00B9D580+502672]
	GetHandleVerifier [0x00BA46AC+531644]
	GetHandleVerifier [0x00B9DFFA+505354]
	Ordinal0 [0x00A90606+1050118]
	Ordinal0 [0x00A9047F+1049727]
	Ordinal0 [0x00A9AF9B+1093531]
	Ordinal0 [0x00A9B103+1093891]
	Ordinal0 [0x00A9A095+1089685]
	BaseThreadInitThunk [0x75F733CA+18]
	RtlInitializeExceptionChain [0x779B9ED2+99]
	RtlInitializeExceptionChain [0x779B9EA5+54]
">
      <![CDATA[org.openqa.selenium.SessionNotCreatedException: session not created: This version of ChromeDriver only supports Chrome version 77
Build info: version: '3.141.59', revision: 'e82be7d358', time: '2018-11-14T08:25:48'
System info: host: 'HITENDRA-PC', ip: '192.168.0.15', os.name: 'Windows 7', os.arch: 'amd64', os.version: '6.1', java.version: '1.8.0_162'
Driver info: driver.version: ChromeDriver
remote stacktrace: Backtrace:
Ordinal0 [0x00AFEB13+1501971]
Ordinal0 [0x00A7F6D1+980689]
Ordinal0 [0x00A0765F+489055]
Ordinal0 [0x0099F2F4+62196]
Ordinal0 [0x0099BCDA+48346]
Ordinal0 [0x009B9800+169984]
Ordinal0 [0x009B942D+169005]
Ordinal0 [0x009B78EB+162027]
Ordinal0 [0x009A0AC7+68295]
Ordinal0 [0x009A1B40+72512]
Ordinal0 [0x009A1AD9+72409]
Ordinal0 [0x00A98F37+1085239]
GetHandleVerifier [0x00B9D7ED+503293]
GetHandleVerifier [0x00B9D580+502672]
GetHandleVerifier [0x00BA46AC+531644]
GetHandleVerifier [0x00B9DFFA+505354]
Ordinal0 [0x00A90606+1050118]
Ordinal0 [0x00A9047F+1049727]
Ordinal0 [0x00A9AF9B+1093531]
Ordinal0 [0x00A9B103+1093891]
Ordinal0 [0x00A9A095+1089685]
BaseThreadInitThunk [0x75F733CA+18]
RtlInitializeExceptionChain [0x779B9ED2+99]
RtlInitializeExceptionChain [0x779B9EA5+54]

at org.openqa.selenium.remote.W3CHandshakeResponse.lambda$errorHandler$0(W3CHandshakeResponse.java:62)
at org.openqa.selenium.remote.HandshakeResponse.lambda$getResponseFunction$0(HandshakeResponse.java:30)
at org.openqa.selenium.remote.ProtocolHandshake.lambda$createSession$0(ProtocolHandshake.java:126)
at java.util.stream.ReferencePipeline$3$1.accept(ReferencePipeline.java:193)
at java.util.Spliterators$ArraySpliterator.tryAdvance(Spliterators.java:958)
at java.util.stream.ReferencePipeline.forEachWithCancel(ReferencePipeline.java:126)
at java.util.stream.AbstractPipeline.copyIntoWithCancel(AbstractPipeline.java:498)
at java.util.stream.AbstractPipeline.copyInto(AbstractPipeline.java:485)
at java.util.stream.AbstractPipeline.wrapAndCopyInto(AbstractPipeline.java:471)
at java.util.stream.FindOps$FindOp.evaluateSequential(FindOps.java:152)
at java.util.stream.AbstractPipeline.evaluate(AbstractPipeline.java:234)
at java.util.stream.ReferencePipeline.findFirst(ReferencePipeline.java:464)
at org.openqa.selenium.remote.ProtocolHandshake.createSession(ProtocolHandshake.java:128)
at org.openqa.selenium.remote.ProtocolHandshake.createSession(ProtocolHandshake.java:74)
at org.openqa.selenium.remote.HttpCommandExecutor.execute(HttpCommandExecutor.java:136)
at org.openqa.selenium.remote.service.DriverCommandExecutor.execute(DriverCommandExecutor.java:83)
at org.openqa.selenium.remote.RemoteWebDriver.execute(RemoteWebDriver.java:552)
at org.openqa.selenium.remote.RemoteWebDriver.startSession(RemoteWebDriver.java:213)
at org.openqa.selenium.remote.RemoteWebDriver.<init>(RemoteWebDriver.java:131)
at org.openqa.selenium.chrome.ChromeDriver.<init>(ChromeDriver.java:181)
at org.openqa.selenium.chrome.ChromeDriver.<init>(ChromeDriver.java:168)
at org.openqa.selenium.chrome.ChromeDriver.<init>(ChromeDriver.java:123)
at com.wordpress.qa.base.TestBase.initialization(TestBase.java:63)
at com.wordpress.qa.testcases.LoginPageTest.setup(LoginPageTest.java:38)
... Removed 32 stack frames]]>
    </failure>
  </testcase> <!-- @BeforeMethod setup -->
  <testcase name="@AfterMethod tearDown" time="0.0" classname="com.wordpress.qa.testcases.LoginPageTest">
    <skipped/>
  </testcase> <!-- @AfterMethod tearDown -->
  <testcase name="@BeforeMethod setup" time="0.0" classname="com.wordpress.qa.testcases.LoginPageTest">
    <skipped/>
  </testcase> <!-- @BeforeMethod setup -->
  <testcase name="@AfterMethod tearDown" time="0.0" classname="com.wordpress.qa.testcases.LoginPageTest">
    <skipped/>
  </testcase> <!-- @AfterMethod tearDown -->
  <testcase name="@BeforeMethod setup" time="0.0" classname="com.wordpress.qa.testcases.LoginPageTest">
    <skipped/>
  </testcase> <!-- @BeforeMethod setup -->
  <testcase name="@AfterMethod tearDown" time="0.0" classname="com.wordpress.qa.testcases.LoginPageTest">
    <skipped/>
  </testcase> <!-- @AfterMethod tearDown -->
  <testcase name="@BeforeMethod setup" time="1.64" classname="com.wordpress.qa.testcases.HomePageTest">
    <failure type="org.openqa.selenium.SessionNotCreatedException" message="session not created: This version of ChromeDriver only supports Chrome version 77
Build info: version: &amp;apos;3.141.59&amp;apos;, revision: &amp;apos;e82be7d358&amp;apos;, time: &amp;apos;2018-11-14T08:25:48&amp;apos;
System info: host: &amp;apos;HITENDRA-PC&amp;apos;, ip: &amp;apos;192.168.0.15&amp;apos;, os.name: &amp;apos;Windows 7&amp;apos;, os.arch: &amp;apos;amd64&amp;apos;, os.version: &amp;apos;6.1&amp;apos;, java.version: &amp;apos;1.8.0_162&amp;apos;
Driver info: driver.version: ChromeDriver
remote stacktrace: Backtrace:
	Ordinal0 [0x00AFEB13+1501971]
	Ordinal0 [0x00A7F6D1+980689]
	Ordinal0 [0x00A0765F+489055]
	Ordinal0 [0x0099F2F4+62196]
	Ordinal0 [0x0099BCDA+48346]
	Ordinal0 [0x009B9800+169984]
	Ordinal0 [0x009B942D+169005]
	Ordinal0 [0x009B78EB+162027]
	Ordinal0 [0x009A0AC7+68295]
	Ordinal0 [0x009A1B40+72512]
	Ordinal0 [0x009A1AD9+72409]
	Ordinal0 [0x00A98F37+1085239]
	GetHandleVerifier [0x00B9D7ED+503293]
	GetHandleVerifier [0x00B9D580+502672]
	GetHandleVerifier [0x00BA46AC+531644]
	GetHandleVerifier [0x00B9DFFA+505354]
	Ordinal0 [0x00A90606+1050118]
	Ordinal0 [0x00A9047F+1049727]
	Ordinal0 [0x00A9AF9B+1093531]
	Ordinal0 [0x00A9B103+1093891]
	Ordinal0 [0x00A9A095+1089685]
	BaseThreadInitThunk [0x75F733CA+18]
	RtlInitializeExceptionChain [0x779B9ED2+99]
	RtlInitializeExceptionChain [0x779B9EA5+54]
">
      <![CDATA[org.openqa.selenium.SessionNotCreatedException: session not created: This version of ChromeDriver only supports Chrome version 77
Build info: version: '3.141.59', revision: 'e82be7d358', time: '2018-11-14T08:25:48'
System info: host: 'HITENDRA-PC', ip: '192.168.0.15', os.name: 'Windows 7', os.arch: 'amd64', os.version: '6.1', java.version: '1.8.0_162'
Driver info: driver.version: ChromeDriver
remote stacktrace: Backtrace:
Ordinal0 [0x00AFEB13+1501971]
Ordinal0 [0x00A7F6D1+980689]
Ordinal0 [0x00A0765F+489055]
Ordinal0 [0x0099F2F4+62196]
Ordinal0 [0x0099BCDA+48346]
Ordinal0 [0x009B9800+169984]
Ordinal0 [0x009B942D+169005]
Ordinal0 [0x009B78EB+162027]
Ordinal0 [0x009A0AC7+68295]
Ordinal0 [0x009A1B40+72512]
Ordinal0 [0x009A1AD9+72409]
Ordinal0 [0x00A98F37+1085239]
GetHandleVerifier [0x00B9D7ED+503293]
GetHandleVerifier [0x00B9D580+502672]
GetHandleVerifier [0x00BA46AC+531644]
GetHandleVerifier [0x00B9DFFA+505354]
Ordinal0 [0x00A90606+1050118]
Ordinal0 [0x00A9047F+1049727]
Ordinal0 [0x00A9AF9B+1093531]
Ordinal0 [0x00A9B103+1093891]
Ordinal0 [0x00A9A095+1089685]
BaseThreadInitThunk [0x75F733CA+18]
RtlInitializeExceptionChain [0x779B9ED2+99]
RtlInitializeExceptionChain [0x779B9EA5+54]

at org.openqa.selenium.remote.W3CHandshakeResponse.lambda$errorHandler$0(W3CHandshakeResponse.java:62)
at org.openqa.selenium.remote.HandshakeResponse.lambda$getResponseFunction$0(HandshakeResponse.java:30)
at org.openqa.selenium.remote.ProtocolHandshake.lambda$createSession$0(ProtocolHandshake.java:126)
at java.util.stream.ReferencePipeline$3$1.accept(ReferencePipeline.java:193)
at java.util.Spliterators$ArraySpliterator.tryAdvance(Spliterators.java:958)
at java.util.stream.ReferencePipeline.forEachWithCancel(ReferencePipeline.java:126)
at java.util.stream.AbstractPipeline.copyIntoWithCancel(AbstractPipeline.java:498)
at java.util.stream.AbstractPipeline.copyInto(AbstractPipeline.java:485)
at java.util.stream.AbstractPipeline.wrapAndCopyInto(AbstractPipeline.java:471)
at java.util.stream.FindOps$FindOp.evaluateSequential(FindOps.java:152)
at java.util.stream.AbstractPipeline.evaluate(AbstractPipeline.java:234)
at java.util.stream.ReferencePipeline.findFirst(ReferencePipeline.java:464)
at org.openqa.selenium.remote.ProtocolHandshake.createSession(ProtocolHandshake.java:128)
at org.openqa.selenium.remote.ProtocolHandshake.createSession(ProtocolHandshake.java:74)
at org.openqa.selenium.remote.HttpCommandExecutor.execute(HttpCommandExecutor.java:136)
at org.openqa.selenium.remote.service.DriverCommandExecutor.execute(DriverCommandExecutor.java:83)
at org.openqa.selenium.remote.RemoteWebDriver.execute(RemoteWebDriver.java:552)
at org.openqa.selenium.remote.RemoteWebDriver.startSession(RemoteWebDriver.java:213)
at org.openqa.selenium.remote.RemoteWebDriver.<init>(RemoteWebDriver.java:131)
at org.openqa.selenium.chrome.ChromeDriver.<init>(ChromeDriver.java:181)
at org.openqa.selenium.chrome.ChromeDriver.<init>(ChromeDriver.java:168)
at org.openqa.selenium.chrome.ChromeDriver.<init>(ChromeDriver.java:123)
at com.wordpress.qa.base.TestBase.initialization(TestBase.java:63)
at com.wordpress.qa.testcases.HomePageTest.setup(HomePageTest.java:46)
... Removed 32 stack frames]]>
    </failure>
  </testcase> <!-- @BeforeMethod setup -->
  <testcase name="@AfterMethod tearDown" time="0.0" classname="com.wordpress.qa.testcases.HomePageTest">
    <skipped/>
  </testcase> <!-- @AfterMethod tearDown -->
  <testcase name="@BeforeMethod setup" time="0.0" classname="com.wordpress.qa.testcases.HomePageTest">
    <skipped/>
  </testcase> <!-- @BeforeMethod setup -->
  <testcase name="@AfterMethod tearDown" time="0.0" classname="com.wordpress.qa.testcases.HomePageTest">
    <skipped/>
  </testcase> <!-- @AfterMethod tearDown -->
  <testcase name="@BeforeMethod setup" time="0.0" classname="com.wordpress.qa.testcases.HomePageTest">
    <skipped/>
  </testcase> <!-- @BeforeMethod setup -->
  <testcase name="@AfterMethod tearDown" time="0.0" classname="com.wordpress.qa.testcases.HomePageTest">
    <skipped/>
  </testcase> <!-- @AfterMethod tearDown -->
  <testcase name="@BeforeMethod setup" time="1.633" classname="com.wordpress.qa.testcases.NewPostPageTest">
    <failure type="org.openqa.selenium.SessionNotCreatedException" message="session not created: This version of ChromeDriver only supports Chrome version 77
Build info: version: &amp;apos;3.141.59&amp;apos;, revision: &amp;apos;e82be7d358&amp;apos;, time: &amp;apos;2018-11-14T08:25:48&amp;apos;
System info: host: &amp;apos;HITENDRA-PC&amp;apos;, ip: &amp;apos;192.168.0.15&amp;apos;, os.name: &amp;apos;Windows 7&amp;apos;, os.arch: &amp;apos;amd64&amp;apos;, os.version: &amp;apos;6.1&amp;apos;, java.version: &amp;apos;1.8.0_162&amp;apos;
Driver info: driver.version: ChromeDriver
remote stacktrace: Backtrace:
	Ordinal0 [0x00AFEB13+1501971]
	Ordinal0 [0x00A7F6D1+980689]
	Ordinal0 [0x00A0765F+489055]
	Ordinal0 [0x0099F2F4+62196]
	Ordinal0 [0x0099BCDA+48346]
	Ordinal0 [0x009B9800+169984]
	Ordinal0 [0x009B942D+169005]
	Ordinal0 [0x009B78EB+162027]
	Ordinal0 [0x009A0AC7+68295]
	Ordinal0 [0x009A1B40+72512]
	Ordinal0 [0x009A1AD9+72409]
	Ordinal0 [0x00A98F37+1085239]
	GetHandleVerifier [0x00B9D7ED+503293]
	GetHandleVerifier [0x00B9D580+502672]
	GetHandleVerifier [0x00BA46AC+531644]
	GetHandleVerifier [0x00B9DFFA+505354]
	Ordinal0 [0x00A90606+1050118]
	Ordinal0 [0x00A9047F+1049727]
	Ordinal0 [0x00A9AF9B+1093531]
	Ordinal0 [0x00A9B103+1093891]
	Ordinal0 [0x00A9A095+1089685]
	BaseThreadInitThunk [0x75F733CA+18]
	RtlInitializeExceptionChain [0x779B9ED2+99]
	RtlInitializeExceptionChain [0x779B9EA5+54]
">
      <![CDATA[org.openqa.selenium.SessionNotCreatedException: session not created: This version of ChromeDriver only supports Chrome version 77
Build info: version: '3.141.59', revision: 'e82be7d358', time: '2018-11-14T08:25:48'
System info: host: 'HITENDRA-PC', ip: '192.168.0.15', os.name: 'Windows 7', os.arch: 'amd64', os.version: '6.1', java.version: '1.8.0_162'
Driver info: driver.version: ChromeDriver
remote stacktrace: Backtrace:
Ordinal0 [0x00AFEB13+1501971]
Ordinal0 [0x00A7F6D1+980689]
Ordinal0 [0x00A0765F+489055]
Ordinal0 [0x0099F2F4+62196]
Ordinal0 [0x0099BCDA+48346]
Ordinal0 [0x009B9800+169984]
Ordinal0 [0x009B942D+169005]
Ordinal0 [0x009B78EB+162027]
Ordinal0 [0x009A0AC7+68295]
Ordinal0 [0x009A1B40+72512]
Ordinal0 [0x009A1AD9+72409]
Ordinal0 [0x00A98F37+1085239]
GetHandleVerifier [0x00B9D7ED+503293]
GetHandleVerifier [0x00B9D580+502672]
GetHandleVerifier [0x00BA46AC+531644]
GetHandleVerifier [0x00B9DFFA+505354]
Ordinal0 [0x00A90606+1050118]
Ordinal0 [0x00A9047F+1049727]
Ordinal0 [0x00A9AF9B+1093531]
Ordinal0 [0x00A9B103+1093891]
Ordinal0 [0x00A9A095+1089685]
BaseThreadInitThunk [0x75F733CA+18]
RtlInitializeExceptionChain [0x779B9ED2+99]
RtlInitializeExceptionChain [0x779B9EA5+54]

at org.openqa.selenium.remote.W3CHandshakeResponse.lambda$errorHandler$0(W3CHandshakeResponse.java:62)
at org.openqa.selenium.remote.HandshakeResponse.lambda$getResponseFunction$0(HandshakeResponse.java:30)
at org.openqa.selenium.remote.ProtocolHandshake.lambda$createSession$0(ProtocolHandshake.java:126)
at java.util.stream.ReferencePipeline$3$1.accept(ReferencePipeline.java:193)
at java.util.Spliterators$ArraySpliterator.tryAdvance(Spliterators.java:958)
at java.util.stream.ReferencePipeline.forEachWithCancel(ReferencePipeline.java:126)
at java.util.stream.AbstractPipeline.copyIntoWithCancel(AbstractPipeline.java:498)
at java.util.stream.AbstractPipeline.copyInto(AbstractPipeline.java:485)
at java.util.stream.AbstractPipeline.wrapAndCopyInto(AbstractPipeline.java:471)
at java.util.stream.FindOps$FindOp.evaluateSequential(FindOps.java:152)
at java.util.stream.AbstractPipeline.evaluate(AbstractPipeline.java:234)
at java.util.stream.ReferencePipeline.findFirst(ReferencePipeline.java:464)
at org.openqa.selenium.remote.ProtocolHandshake.createSession(ProtocolHandshake.java:128)
at org.openqa.selenium.remote.ProtocolHandshake.createSession(ProtocolHandshake.java:74)
at org.openqa.selenium.remote.HttpCommandExecutor.execute(HttpCommandExecutor.java:136)
at org.openqa.selenium.remote.service.DriverCommandExecutor.execute(DriverCommandExecutor.java:83)
at org.openqa.selenium.remote.RemoteWebDriver.execute(RemoteWebDriver.java:552)
at org.openqa.selenium.remote.RemoteWebDriver.startSession(RemoteWebDriver.java:213)
at org.openqa.selenium.remote.RemoteWebDriver.<init>(RemoteWebDriver.java:131)
at org.openqa.selenium.chrome.ChromeDriver.<init>(ChromeDriver.java:181)
at org.openqa.selenium.chrome.ChromeDriver.<init>(ChromeDriver.java:168)
at org.openqa.selenium.chrome.ChromeDriver.<init>(ChromeDriver.java:123)
at com.wordpress.qa.base.TestBase.initialization(TestBase.java:63)
at com.wordpress.qa.testcases.NewPostPageTest.setup(NewPostPageTest.java:43)
... Removed 32 stack frames]]>
    </failure>
  </testcase> <!-- @BeforeMethod setup -->
  <testcase name="@AfterMethod tearDown" time="0.0" classname="com.wordpress.qa.testcases.NewPostPageTest">
    <skipped/>
  </testcase> <!-- @AfterMethod tearDown -->
  <testcase name="@BeforeMethod setup" time="1.647" classname="com.wordpress.qa.testcases.AddNewUserPageTest">
    <failure type="org.openqa.selenium.SessionNotCreatedException" message="session not created: This version of ChromeDriver only supports Chrome version 77
Build info: version: &amp;apos;3.141.59&amp;apos;, revision: &amp;apos;e82be7d358&amp;apos;, time: &amp;apos;2018-11-14T08:25:48&amp;apos;
System info: host: &amp;apos;HITENDRA-PC&amp;apos;, ip: &amp;apos;192.168.0.15&amp;apos;, os.name: &amp;apos;Windows 7&amp;apos;, os.arch: &amp;apos;amd64&amp;apos;, os.version: &amp;apos;6.1&amp;apos;, java.version: &amp;apos;1.8.0_162&amp;apos;
Driver info: driver.version: ChromeDriver
remote stacktrace: Backtrace:
	Ordinal0 [0x00AFEB13+1501971]
	Ordinal0 [0x00A7F6D1+980689]
	Ordinal0 [0x00A0765F+489055]
	Ordinal0 [0x0099F2F4+62196]
	Ordinal0 [0x0099BCDA+48346]
	Ordinal0 [0x009B9800+169984]
	Ordinal0 [0x009B942D+169005]
	Ordinal0 [0x009B78EB+162027]
	Ordinal0 [0x009A0AC7+68295]
	Ordinal0 [0x009A1B40+72512]
	Ordinal0 [0x009A1AD9+72409]
	Ordinal0 [0x00A98F37+1085239]
	GetHandleVerifier [0x00B9D7ED+503293]
	GetHandleVerifier [0x00B9D580+502672]
	GetHandleVerifier [0x00BA46AC+531644]
	GetHandleVerifier [0x00B9DFFA+505354]
	Ordinal0 [0x00A90606+1050118]
	Ordinal0 [0x00A9047F+1049727]
	Ordinal0 [0x00A9AF9B+1093531]
	Ordinal0 [0x00A9B103+1093891]
	Ordinal0 [0x00A9A095+1089685]
	BaseThreadInitThunk [0x75F733CA+18]
	RtlInitializeExceptionChain [0x779B9ED2+99]
	RtlInitializeExceptionChain [0x779B9EA5+54]
">
      <![CDATA[org.openqa.selenium.SessionNotCreatedException: session not created: This version of ChromeDriver only supports Chrome version 77
Build info: version: '3.141.59', revision: 'e82be7d358', time: '2018-11-14T08:25:48'
System info: host: 'HITENDRA-PC', ip: '192.168.0.15', os.name: 'Windows 7', os.arch: 'amd64', os.version: '6.1', java.version: '1.8.0_162'
Driver info: driver.version: ChromeDriver
remote stacktrace: Backtrace:
Ordinal0 [0x00AFEB13+1501971]
Ordinal0 [0x00A7F6D1+980689]
Ordinal0 [0x00A0765F+489055]
Ordinal0 [0x0099F2F4+62196]
Ordinal0 [0x0099BCDA+48346]
Ordinal0 [0x009B9800+169984]
Ordinal0 [0x009B942D+169005]
Ordinal0 [0x009B78EB+162027]
Ordinal0 [0x009A0AC7+68295]
Ordinal0 [0x009A1B40+72512]
Ordinal0 [0x009A1AD9+72409]
Ordinal0 [0x00A98F37+1085239]
GetHandleVerifier [0x00B9D7ED+503293]
GetHandleVerifier [0x00B9D580+502672]
GetHandleVerifier [0x00BA46AC+531644]
GetHandleVerifier [0x00B9DFFA+505354]
Ordinal0 [0x00A90606+1050118]
Ordinal0 [0x00A9047F+1049727]
Ordinal0 [0x00A9AF9B+1093531]
Ordinal0 [0x00A9B103+1093891]
Ordinal0 [0x00A9A095+1089685]
BaseThreadInitThunk [0x75F733CA+18]
RtlInitializeExceptionChain [0x779B9ED2+99]
RtlInitializeExceptionChain [0x779B9EA5+54]

at org.openqa.selenium.remote.W3CHandshakeResponse.lambda$errorHandler$0(W3CHandshakeResponse.java:62)
at org.openqa.selenium.remote.HandshakeResponse.lambda$getResponseFunction$0(HandshakeResponse.java:30)
at org.openqa.selenium.remote.ProtocolHandshake.lambda$createSession$0(ProtocolHandshake.java:126)
at java.util.stream.ReferencePipeline$3$1.accept(ReferencePipeline.java:193)
at java.util.Spliterators$ArraySpliterator.tryAdvance(Spliterators.java:958)
at java.util.stream.ReferencePipeline.forEachWithCancel(ReferencePipeline.java:126)
at java.util.stream.AbstractPipeline.copyIntoWithCancel(AbstractPipeline.java:498)
at java.util.stream.AbstractPipeline.copyInto(AbstractPipeline.java:485)
at java.util.stream.AbstractPipeline.wrapAndCopyInto(AbstractPipeline.java:471)
at java.util.stream.FindOps$FindOp.evaluateSequential(FindOps.java:152)
at java.util.stream.AbstractPipeline.evaluate(AbstractPipeline.java:234)
at java.util.stream.ReferencePipeline.findFirst(ReferencePipeline.java:464)
at org.openqa.selenium.remote.ProtocolHandshake.createSession(ProtocolHandshake.java:128)
at org.openqa.selenium.remote.ProtocolHandshake.createSession(ProtocolHandshake.java:74)
at org.openqa.selenium.remote.HttpCommandExecutor.execute(HttpCommandExecutor.java:136)
at org.openqa.selenium.remote.service.DriverCommandExecutor.execute(DriverCommandExecutor.java:83)
at org.openqa.selenium.remote.RemoteWebDriver.execute(RemoteWebDriver.java:552)
at org.openqa.selenium.remote.RemoteWebDriver.startSession(RemoteWebDriver.java:213)
at org.openqa.selenium.remote.RemoteWebDriver.<init>(RemoteWebDriver.java:131)
at org.openqa.selenium.chrome.ChromeDriver.<init>(ChromeDriver.java:181)
at org.openqa.selenium.chrome.ChromeDriver.<init>(ChromeDriver.java:168)
at org.openqa.selenium.chrome.ChromeDriver.<init>(ChromeDriver.java:123)
at com.wordpress.qa.base.TestBase.initialization(TestBase.java:63)
at com.wordpress.qa.testcases.AddNewUserPageTest.setup(AddNewUserPageTest.java:47)
... Removed 32 stack frames]]>
    </failure>
  </testcase> <!-- @BeforeMethod setup -->
  <testcase name="@AfterMethod tearDown" time="0.0" classname="com.wordpress.qa.testcases.AddNewUserPageTest">
    <skipped/>
  </testcase> <!-- @AfterMethod tearDown -->
  <testcase name="@BeforeMethod setup" time="0.0" classname="com.wordpress.qa.testcases.AddNewUserPageTest">
    <skipped/>
  </testcase> <!-- @BeforeMethod setup -->
  <testcase name="@AfterMethod tearDown" time="0.0" classname="com.wordpress.qa.testcases.AddNewUserPageTest">
    <skipped/>
  </testcase> <!-- @AfterMethod tearDown -->
  <testcase name="@BeforeMethod setup" time="1.778" classname="com.wordpress.qa.testcases.PostPageTest">
    <failure type="org.openqa.selenium.SessionNotCreatedException" message="session not created: This version of ChromeDriver only supports Chrome version 77
Build info: version: &amp;apos;3.141.59&amp;apos;, revision: &amp;apos;e82be7d358&amp;apos;, time: &amp;apos;2018-11-14T08:25:48&amp;apos;
System info: host: &amp;apos;HITENDRA-PC&amp;apos;, ip: &amp;apos;192.168.0.15&amp;apos;, os.name: &amp;apos;Windows 7&amp;apos;, os.arch: &amp;apos;amd64&amp;apos;, os.version: &amp;apos;6.1&amp;apos;, java.version: &amp;apos;1.8.0_162&amp;apos;
Driver info: driver.version: ChromeDriver
remote stacktrace: Backtrace:
	Ordinal0 [0x00AFEB13+1501971]
	Ordinal0 [0x00A7F6D1+980689]
	Ordinal0 [0x00A0765F+489055]
	Ordinal0 [0x0099F2F4+62196]
	Ordinal0 [0x0099BCDA+48346]
	Ordinal0 [0x009B9800+169984]
	Ordinal0 [0x009B942D+169005]
	Ordinal0 [0x009B78EB+162027]
	Ordinal0 [0x009A0AC7+68295]
	Ordinal0 [0x009A1B40+72512]
	Ordinal0 [0x009A1AD9+72409]
	Ordinal0 [0x00A98F37+1085239]
	GetHandleVerifier [0x00B9D7ED+503293]
	GetHandleVerifier [0x00B9D580+502672]
	GetHandleVerifier [0x00BA46AC+531644]
	GetHandleVerifier [0x00B9DFFA+505354]
	Ordinal0 [0x00A90606+1050118]
	Ordinal0 [0x00A9047F+1049727]
	Ordinal0 [0x00A9AF9B+1093531]
	Ordinal0 [0x00A9B103+1093891]
	Ordinal0 [0x00A9A095+1089685]
	BaseThreadInitThunk [0x75F733CA+18]
	RtlInitializeExceptionChain [0x779B9ED2+99]
	RtlInitializeExceptionChain [0x779B9EA5+54]
">
      <![CDATA[org.openqa.selenium.SessionNotCreatedException: session not created: This version of ChromeDriver only supports Chrome version 77
Build info: version: '3.141.59', revision: 'e82be7d358', time: '2018-11-14T08:25:48'
System info: host: 'HITENDRA-PC', ip: '192.168.0.15', os.name: 'Windows 7', os.arch: 'amd64', os.version: '6.1', java.version: '1.8.0_162'
Driver info: driver.version: ChromeDriver
remote stacktrace: Backtrace:
Ordinal0 [0x00AFEB13+1501971]
Ordinal0 [0x00A7F6D1+980689]
Ordinal0 [0x00A0765F+489055]
Ordinal0 [0x0099F2F4+62196]
Ordinal0 [0x0099BCDA+48346]
Ordinal0 [0x009B9800+169984]
Ordinal0 [0x009B942D+169005]
Ordinal0 [0x009B78EB+162027]
Ordinal0 [0x009A0AC7+68295]
Ordinal0 [0x009A1B40+72512]
Ordinal0 [0x009A1AD9+72409]
Ordinal0 [0x00A98F37+1085239]
GetHandleVerifier [0x00B9D7ED+503293]
GetHandleVerifier [0x00B9D580+502672]
GetHandleVerifier [0x00BA46AC+531644]
GetHandleVerifier [0x00B9DFFA+505354]
Ordinal0 [0x00A90606+1050118]
Ordinal0 [0x00A9047F+1049727]
Ordinal0 [0x00A9AF9B+1093531]
Ordinal0 [0x00A9B103+1093891]
Ordinal0 [0x00A9A095+1089685]
BaseThreadInitThunk [0x75F733CA+18]
RtlInitializeExceptionChain [0x779B9ED2+99]
RtlInitializeExceptionChain [0x779B9EA5+54]

at org.openqa.selenium.remote.W3CHandshakeResponse.lambda$errorHandler$0(W3CHandshakeResponse.java:62)
at org.openqa.selenium.remote.HandshakeResponse.lambda$getResponseFunction$0(HandshakeResponse.java:30)
at org.openqa.selenium.remote.ProtocolHandshake.lambda$createSession$0(ProtocolHandshake.java:126)
at java.util.stream.ReferencePipeline$3$1.accept(ReferencePipeline.java:193)
at java.util.Spliterators$ArraySpliterator.tryAdvance(Spliterators.java:958)
at java.util.stream.ReferencePipeline.forEachWithCancel(ReferencePipeline.java:126)
at java.util.stream.AbstractPipeline.copyIntoWithCancel(AbstractPipeline.java:498)
at java.util.stream.AbstractPipeline.copyInto(AbstractPipeline.java:485)
at java.util.stream.AbstractPipeline.wrapAndCopyInto(AbstractPipeline.java:471)
at java.util.stream.FindOps$FindOp.evaluateSequential(FindOps.java:152)
at java.util.stream.AbstractPipeline.evaluate(AbstractPipeline.java:234)
at java.util.stream.ReferencePipeline.findFirst(ReferencePipeline.java:464)
at org.openqa.selenium.remote.ProtocolHandshake.createSession(ProtocolHandshake.java:128)
at org.openqa.selenium.remote.ProtocolHandshake.createSession(ProtocolHandshake.java:74)
at org.openqa.selenium.remote.HttpCommandExecutor.execute(HttpCommandExecutor.java:136)
at org.openqa.selenium.remote.service.DriverCommandExecutor.execute(DriverCommandExecutor.java:83)
at org.openqa.selenium.remote.RemoteWebDriver.execute(RemoteWebDriver.java:552)
at org.openqa.selenium.remote.RemoteWebDriver.startSession(RemoteWebDriver.java:213)
at org.openqa.selenium.remote.RemoteWebDriver.<init>(RemoteWebDriver.java:131)
at org.openqa.selenium.chrome.ChromeDriver.<init>(ChromeDriver.java:181)
at org.openqa.selenium.chrome.ChromeDriver.<init>(ChromeDriver.java:168)
at org.openqa.selenium.chrome.ChromeDriver.<init>(ChromeDriver.java:123)
at com.wordpress.qa.base.TestBase.initialization(TestBase.java:63)
at com.wordpress.qa.testcases.PostPageTest.setup(PostPageTest.java:43)
... Removed 32 stack frames]]>
    </failure>
  </testcase> <!-- @BeforeMethod setup -->
  <testcase name="@AfterMethod tearDown" time="0.0" classname="com.wordpress.qa.testcases.PostPageTest">
    <skipped/>
  </testcase> <!-- @AfterMethod tearDown -->
  <testcase name="@AfterTest endTest" time="0.0" classname="com.wordpress.qa.testcases.AddNewUserPageTest">
    <skipped/>
  </testcase> <!-- @AfterTest endTest -->
  <testcase name="@AfterTest endTest" time="0.0" classname="com.wordpress.qa.testcases.HomePageTest">
    <skipped/>
  </testcase> <!-- @AfterTest endTest -->
  <testcase name="@AfterTest endTest" time="0.0" classname="com.wordpress.qa.testcases.LoginPageTest">
    <skipped/>
  </testcase> <!-- @AfterTest endTest -->
  <testcase name="@AfterTest endTest" time="0.0" classname="com.wordpress.qa.testcases.NewPostPageTest">
    <skipped/>
  </testcase> <!-- @AfterTest endTest -->
  <testcase name="@AfterTest endTest" time="0.0" classname="com.wordpress.qa.testcases.PostPageTest">
    <skipped/>
  </testcase> <!-- @AfterTest endTest -->
  <testcase name="loginPageTitleTest" time="0.0" classname="com.wordpress.qa.testcases.LoginPageTest">
    <skipped/>
  </testcase> <!-- loginPageTitleTest -->
  <testcase name="loginTest" time="0.0" classname="com.wordpress.qa.testcases.LoginPageTest">
    <skipped/>
  </testcase> <!-- loginTest -->
  <testcase name="loginWordPresslogoTest" time="0.0" classname="com.wordpress.qa.testcases.LoginPageTest">
    <skipped/>
  </testcase> <!-- loginWordPresslogoTest -->
  <testcase name="homePageTitleTest" time="0.0" classname="com.wordpress.qa.testcases.HomePageTest">
    <skipped/>
  </testcase> <!-- homePageTitleTest -->
  <testcase name="verifyAddNewPostLinkTest" time="0.0" classname="com.wordpress.qa.testcases.HomePageTest">
    <skipped/>
  </testcase> <!-- verifyAddNewPostLinkTest -->
  <testcase name="verifyUserNameTest" time="0.0" classname="com.wordpress.qa.testcases.HomePageTest">
    <skipped/>
  </testcase> <!-- verifyUserNameTest -->
  <testcase name="addNewPostTest" time="0.0" classname="com.wordpress.qa.testcases.NewPostPageTest">
    <skipped/>
  </testcase> <!-- addNewPostTest -->
  <testcase name="addNewUserTest" time="0.0" classname="com.wordpress.qa.testcases.AddNewUserPageTest">
    <skipped/>
  </testcase> <!-- addNewUserTest -->
  <testcase name="addNewUserTest" time="0.0" classname="com.wordpress.qa.testcases.AddNewUserPageTest">
    <skipped/>
  </testcase> <!-- addNewUserTest -->
  <testcase name="searchPostTest" time="0.0" classname="com.wordpress.qa.testcases.PostPageTest">
    <skipped/>
  </testcase> <!-- searchPostTest -->
</testsuite> <!-- WordPressApplicationTest -->
